manifest_merge_blame_file/debug/manifest-merger-blame-debug-report.txt
1<?xml version="1.0" encoding="utf-8"?>
2<manifest xmlns:android="http://schemas.android.com/apk/res/android"
3    package="com.example.profilepage"
4    android:versionCode="1"
5    android:versionName="1.0" >
6
7    <uses-sdk
8        android:minSdkVersion="16"
8-->src/main/AndroidManifest.xml
9        android:targetSdkVersion="30" />
9-->src/main/AndroidManifest.xml
10
11    <uses-permission android:name="android.permission.INTERNET" />
11-->src/main/AndroidManifest.xml:4:5-66
11-->src/main/AndroidManifest.xml:4:22-64
12    <uses-permission android:name="android.permission.ACCESS_NETWORK_STATE" />
12-->src/main/AndroidManifest.xml:5:5-78
12-->src/main/AndroidManifest.xml:5:22-76
13    <uses-permission android:name="android.permission.WRITE_EXTERNAL_STORAGE" />
13-->src/main/AndroidManifest.xml:6:5-80
13-->src/main/AndroidManifest.xml:6:22-78
14    <uses-permission android:name="android.permission.READ_EXTERNAL_STORAGE" />
14-->src/main/AndroidManifest.xml:7:5-79
14-->src/main/AndroidManifest.xml:7:22-77
15    <uses-permission android:name="android.permission.CAMERA" />
15-->src/main/AndroidManifest.xml:8:5-64
15-->src/main/AndroidManifest.xml:8:22-62
16
17    <application
17-->src/main/AndroidManifest.xml:10:5-62:19
18        android:allowBackup="true"
18-->src/main/AndroidManifest.xml:12:9-35
19        android:appComponentFactory="androidx.core.app.CoreComponentFactory"
19-->[androidx.core:core:1.3.1] AndroidManifest.xml:24:18-86
20        android:debuggable="true"
21        android:icon="@mipmap/ic_launcher"
21-->src/main/AndroidManifest.xml:13:9-43
22        android:label="@string/app_name"
22-->src/main/AndroidManifest.xml:14:9-41
23        android:roundIcon="@mipmap/ic_launcher_round"
23-->src/main/AndroidManifest.xml:15:9-54
24        android:supportsRtl="true"
24-->src/main/AndroidManifest.xml:16:9-35
25        android:testOnly="true"
26        android:theme="@style/Theme.Profilepage" >
26-->src/main/AndroidManifest.xml:17:9-49
27        <meta-data
27-->src/main/AndroidManifest.xml:19:9-21:45
28            android:name="android.support.PARENT_ACTIVITY"
28-->src/main/AndroidManifest.xml:20:13-59
29            android:value=".MainActivity" />
29-->src/main/AndroidManifest.xml:21:13-42
30
31        <activity android:name="com.example.profilepage.EditName" >
31-->src/main/AndroidManifest.xml:23:9-25:20
31-->src/main/AndroidManifest.xml:23:19-43
32            android:parentActivityName = ".MainActivity">
33        </activity>
34
35        <meta-data
35-->src/main/AndroidManifest.xml:19:9-21:45
36            android:name="android.support.PARENT_ACTIVITY"
36-->src/main/AndroidManifest.xml:20:13-59
37            android:value=".MainActivity" />
37-->src/main/AndroidManifest.xml:21:13-42
38
39        <activity android:name="com.example.profilepage.EditAboutMe" >
39-->src/main/AndroidManifest.xml:31:9-33:20
39-->src/main/AndroidManifest.xml:31:19-46
40            android:parentActivityName = ".MainActivity">
41        </activity>
42
43        <meta-data
43-->src/main/AndroidManifest.xml:19:9-21:45
44            android:name="android.support.PARENT_ACTIVITY"
44-->src/main/AndroidManifest.xml:20:13-59
45            android:value=".MainActivity" />
45-->src/main/AndroidManifest.xml:21:13-42
46
47        <activity android:name="com.example.profilepage.EditEmail" >
47-->src/main/AndroidManifest.xml:39:9-41:20
47-->src/main/AndroidManifest.xml:39:19-44
48            android:parentActivityName = ".MainActivity">
49        </activity>
50
51        <meta-data
51-->src/main/AndroidManifest.xml:19:9-21:45
52            android:name="android.support.PARENT_ACTIVITY"
52-->src/main/AndroidManifest.xml:20:13-59
53            android:value=".MainActivity" />
53-->src/main/AndroidManifest.xml:21:13-42
54
55        <activity android:name="com.example.profilepage.EditPhone" >
55-->src/main/AndroidManifest.xml:47:9-49:20
55-->src/main/AndroidManifest.xml:47:19-44
56            android:parentActivityName = ".MainActivity">
57        </activity>
58
59        <meta-data
59-->src/main/AndroidManifest.xml:19:9-21:45
60            android:name="android.support.PARENT_ACTIVITY"
60-->src/main/AndroidManifest.xml:20:13-59
61            android:value=".MainActivity" />
61-->src/main/AndroidManifest.xml:21:13-42
62
63        <activity android:name="com.example.profilepage.MainActivity" >
63-->src/main/AndroidManifest.xml:55:9-61:20
63-->src/main/AndroidManifest.xml:55:19-47
64            <intent-filter>
64-->src/main/AndroidManifest.xml:56:13-60:29
65                <action android:name="android.intent.action.MAIN" />
65-->src/main/AndroidManifest.xml:57:17-69
65-->src/main/AndroidManifest.xml:57:25-66
66
67                <category android:name="android.intent.category.LAUNCHER" />
67-->src/main/AndroidManifest.xml:59:17-77
67-->src/main/AndroidManifest.xml:59:27-74
68            </intent-filter>
69        </activity>
70    </application>
71
72</manifest>